<?xml version="1.0" encoding="UTF-8"?>
<testsuite xmlns:xsi="http://www.w3.org/2001/XMLSchema-instance" xsi:noNamespaceSchemaLocation="https://maven.apache.org/surefire/maven-surefire-plugin/xsd/surefire-test-report.xsd" name="com.example.BinarySearchTest" time="0.027" tests="5" errors="0" skipped="0" failures="0">
  <properties>
[...]
</properties>
  <testcase name="multiple_goRight_found" classname="com.example.BinarySearchTest" time="0.001"/>
  <testcase name="immediate_goLeft_once" classname="com.example.BinarySearchTest" time="0"/>
  <testcase name="emptyArray_returnsMinusOne" classname="com.example.BinarySearchTest" time="0"/>
  <testcase name="multiple_goLeft_notFound" classname="com.example.BinarySearchTest" time="0"/>
  <testcase name="singleElement_found" classname="com.example.BinarySearchTest" time="0"/>
</testsuite>